<?xml version="1.0" encoding="UTF-8"?>
<testng-results ignored="0" total="1" passed="1" failed="0" skipped="0">
  <reporter-output>
  </reporter-output>
  <suite started-at="2024-03-26T11:35:41 IST" name="Surefire suite" finished-at="2024-03-26T11:35:52 IST" duration-ms="11150">
    <groups>
    </groups>
    <test started-at="2024-03-26T11:35:41 IST" name="Surefire test" finished-at="2024-03-26T11:35:52 IST" duration-ms="11150">
      <class name="com.example1.AppTest">
        <test-method signature="tesing() throws java.lang.Exception" started-at="2024-03-26T11:35:41 IST" name="tesing" finished-at="2024-03-26T11:35:52 IST" duration-ms="11038" status="PASS">
          <reporter-output>
          </reporter-output>
        </test-method> <!-- tesing -->
      </class> <!-- com.example1.AppTest -->
    </test> <!-- Surefire test -->
  </suite> <!-- Surefire suite -->
</testng-results>
